<?xml version="1.0" encoding="UTF-8"?>
<!-- Generated by org.testng.reporters.JUnitXMLReporter -->
<testsuite ignored="0" hostname="LAPTOP-5KMFOFH9" failures="0" tests="4" name="CartTest" time="3.23" errors="0" timestamp="2024-11-21T12:49:55 IST">
  <testcase classname="com.SwagLab.TestCases.CartPageTest" name="verifyProduct" time="0.031"/>
  <testcase classname="com.SwagLab.TestCases.CartPageTest" name="vaidateRemove" time="0.095"/>
  <testcase classname="com.SwagLab.TestCases.CartPageTest" name="validateContinueShopping" time="0.27"/>
  <testcase classname="com.SwagLab.TestCases.CartPageTest" name="validateCheckOut" time="0.079"/>
</testsuite> <!-- CartTest -->
