<?xml version="1.0" encoding="UTF-8"?>
<!-- Generated by org.testng.reporters.JUnitXMLReporter -->
<testsuite ignored="0" hostname="LAPTOP-5KMFOFH9" failures="0" tests="4" name="InventoryTest" time="2.8" errors="0" timestamp="2024-11-21T12:49:52 IST">
  <testcase classname="com.SwagLab.TestCases.InventoryPageTest" name="validateTotalProducts" time="0.019"/>
  <testcase classname="com.SwagLab.TestCases.InventoryPageTest" name="validateProducts" time="0.097"/>
  <testcase classname="com.SwagLab.TestCases.InventoryPageTest" name="validateAddToCart" time="0.117"/>
  <testcase classname="com.SwagLab.TestCases.InventoryPageTest" name="validateCartPage" time="0.087"/>
</testsuite> <!-- InventoryTest -->
