<?xml version="1.0" encoding="UTF-8"?>
<!-- Generated by org.testng.reporters.JUnitXMLReporter -->
<testsuite ignored="0" hostname="LAPTOP-5KMFOFH9" failures="0" tests="4" name="Test" time="8.503" errors="0" timestamp="2024-11-20T15:13:31 IST">
  <testcase classname="com.SwagLab.TestCases.CartPageTest" name="verifyProduct" time="0.033"/>
  <testcase classname="com.SwagLab.TestCases.CartPageTest" name="vaidateRemove" time="0.104"/>
  <testcase classname="com.SwagLab.TestCases.CartPageTest" name="validateContinueShopping" time="0.276"/>
  <testcase classname="com.SwagLab.TestCases.CartPageTest" name="validateCheckOut" time="0.083"/>
</testsuite> <!-- Test -->
