<?xml version="1.0" encoding="UTF-8"?>
<testng-results ignored="0" total="1" passed="1" failed="0" skipped="0">
  <reporter-output>
  </reporter-output>
  <suite started-at="2024-11-23T19:53:34 IST" name="Default suite" finished-at="2024-11-23T19:53:51 IST" duration-ms="16040">
    <groups>
    </groups>
    <test started-at="2024-11-23T19:53:34 IST" name="Default test" finished-at="2024-11-23T19:53:51 IST" duration-ms="16040">
      <class name="com.TestNG.DataDriven.TestScreenshot">
        <test-method signature="capture()[pri:0, instance:com.TestNG.DataDriven.TestScreenshot@436813f3]" started-at="2024-11-23T19:53:35 IST" name="capture" finished-at="2024-11-23T19:53:51 IST" duration-ms="15977" status="PASS">
          <reporter-output>
          </reporter-output>
        </test-method> <!-- capture -->
      </class> <!-- com.TestNG.DataDriven.TestScreenshot -->
    </test> <!-- Default test -->
  </suite> <!-- Default suite -->
</testng-results>
