<?xml version="1.0" encoding="UTF-8"?>
<!-- Generated by org.testng.reporters.JUnitXMLReporter -->
<testsuite ignored="0" hostname="INBMWN154463" failures="0" tests="4" name="Default test" time="7.441" errors="0" timestamp="2024-11-21T23:54:31 IST">
  <testcase classname="com.SwagLab.TestCases.CartPageTest" name="verifyProduct" time="0.035"/>
  <testcase classname="com.SwagLab.TestCases.CartPageTest" name="vaidateRemove" time="0.091"/>
  <testcase classname="com.SwagLab.TestCases.CartPageTest" name="validateContinueShopping" time="0.28"/>
  <testcase classname="com.SwagLab.TestCases.CartPageTest" name="validateCheckOut" time="0.083"/>
</testsuite> <!-- Default test -->
