<?xml version="1.0" encoding="UTF-8"?>
<testng-results ignored="0" total="4" passed="4" failed="0" skipped="0">
  <reporter-output>
  </reporter-output>
  <suite started-at="2024-11-21T23:54:23 IST" name="Default suite" finished-at="2024-11-21T23:54:31 IST" duration-ms="7441">
    <groups>
    </groups>
    <test started-at="2024-11-21T23:54:23 IST" name="Default test" finished-at="2024-11-21T23:54:31 IST" duration-ms="7441">
      <class name="com.SwagLab.TestCases.CartPageTest">
        <test-method is-config="true" signature="setUP()[pri:0, instance:com.SwagLab.TestCases.CartPageTest@6e6f2380]" started-at="2024-11-21T23:54:23 IST" name="setUP" finished-at="2024-11-21T23:54:29 IST" duration-ms="5882" status="PASS">
          <reporter-output>
          </reporter-output>
        </test-method> <!-- setUP -->
        <test-method is-config="true" signature="pageSetup()[pri:0, instance:com.SwagLab.TestCases.CartPageTest@6e6f2380]" started-at="2024-11-21T23:54:29 IST" name="pageSetup" finished-at="2024-11-21T23:54:30 IST" duration-ms="617" status="PASS">
          <reporter-output>
          </reporter-output>
        </test-method> <!-- pageSetup -->
        <test-method signature="verifyProduct()[pri:1, instance:com.SwagLab.TestCases.CartPageTest@6e6f2380]" started-at="2024-11-21T23:54:30 IST" name="verifyProduct" finished-at="2024-11-21T23:54:30 IST" duration-ms="35" status="PASS">
          <reporter-output>
          </reporter-output>
        </test-method> <!-- verifyProduct -->
        <test-method signature="vaidateRemove()[pri:2, instance:com.SwagLab.TestCases.CartPageTest@6e6f2380]" started-at="2024-11-21T23:54:30 IST" name="vaidateRemove" finished-at="2024-11-21T23:54:30 IST" duration-ms="91" status="PASS">
          <reporter-output>
          </reporter-output>
        </test-method> <!-- vaidateRemove -->
        <test-method signature="validateContinueShopping()[pri:3, instance:com.SwagLab.TestCases.CartPageTest@6e6f2380]" started-at="2024-11-21T23:54:30 IST" name="validateContinueShopping" finished-at="2024-11-21T23:54:30 IST" duration-ms="280" status="PASS">
          <reporter-output>
          </reporter-output>
        </test-method> <!-- validateContinueShopping -->
        <test-method signature="validateCheckOut()[pri:4, instance:com.SwagLab.TestCases.CartPageTest@6e6f2380]" started-at="2024-11-21T23:54:30 IST" name="validateCheckOut" finished-at="2024-11-21T23:54:30 IST" duration-ms="83" status="PASS">
          <reporter-output>
          </reporter-output>
        </test-method> <!-- validateCheckOut -->
        <test-method is-config="true" signature="tearDown()[pri:0, instance:com.SwagLab.TestCases.CartPageTest@6e6f2380]" started-at="2024-11-21T23:54:30 IST" name="tearDown" finished-at="2024-11-21T23:54:31 IST" duration-ms="387" status="PASS">
          <reporter-output>
          </reporter-output>
        </test-method> <!-- tearDown -->
      </class> <!-- com.SwagLab.TestCases.CartPageTest -->
    </test> <!-- Default test -->
  </suite> <!-- Default suite -->
</testng-results>
