<?xml version="1.0" encoding="UTF-8"?>
<!-- Generated by org.testng.reporters.JUnitXMLReporter -->
<testsuite ignored="0" hostname="LAPTOP-5KMFOFH9" failures="0" tests="5" name="Test1" time="0.063" errors="0" timestamp="2024-11-19T16:41:58 IST">
  <testcase classname="com.TestNG.Annotations.ClassA" name="testCase1" time="0.008"/>
  <testcase classname="com.TestNG.Annotations.ClassA" name="testCase2" time="0.001"/>
  <testcase classname="com.TestNG.Annotations.ClassA" name="testCase3" time="0.0"/>
  <testcase classname="com.TestNG.Annotations.ClassB" name="testCase1" time="0.001"/>
  <testcase classname="com.TestNG.Annotations.ClassB" name="testCase2" time="0.002"/>
</testsuite> <!-- Test1 -->
